<?xml version="1.0" encoding="UTF-8"?>
<!-- Generated by org.testng.reporters.JUnitReportReporter -->
<testsuite hostname="SF-LAP-439" failures="0" tests="1" name="testcase.Assertion" time="11.513" errors="0" timestamp="2023-05-16T11:33:38 IST" skipped="0">
  <testcase classname="testcase.Assertion" name="validateData" time="11.513"/>
  <system-out/>
</testsuite> <!-- testcase.Assertion -->
