<?xml version="1.0" encoding="UTF-8"?>
<!-- Generated by org.testng.reporters.JUnitReportReporter -->
<testsuite hostname="SF-LAP-439" failures="0" tests="1" name="Pages.Testing" time="6.571" errors="0" timestamp="2023-04-20T10:15:13 IST" skipped="0">
  <testcase classname="Pages.Testing" name="setup" time="6.571"/>
  <system-out/>
</testsuite> <!-- Pages.Testing -->
